{"meta": {"format": 3, "version": "7.13.4", "timestamp": "2026-02-11T06:33:16.359510", "branch_coverage": false, "show_contexts": false}, "files": {"core/taa/__init__.py": {"executed_lines": [], "summary": {"covered_lines": 0, "num_statements": 0, "percent_covered": 100.0, "percent_covered_display": "100", "missing_lines": 0, "excluded_lines": 0, "percent_statements_covered": 100.0, "percent_statements_covered_display": "100"}, "missing_lines": [], "excluded_lines": [], "functions": {"": {"executed_lines": [], "summary": {"covered_lines": 0, "num_statements": 0, "percent_covered": 100.0, "percent_covered_display": "100", "missing_lines": 0, "excluded_lines": 0, "percent_statements_covered": 100.0, "percent_statements_covered_display": "100"}, "missing_lines": [], "excluded_lines": [], "start_line": 1}}, "classes": {"": {"executed_lines": [], "summary": {"covered_lines": 0, "num_statements": 0, "percent_covered": 100.0, "percent_covered_display": "100", "missing_lines": 0, "excluded_lines": 0, "percent_statements_covered": 100.0, "percent_statements_covered_display": "100"}, "missing_lines": [], "excluded_lines": [], "start_line": 1}}}, "core/taa/constraints.py": {"executed_lines": [6, 7, 8, 11, 12, 15, 16, 17, 18, 19, 21, 23, 24, 25, 26, 27, 28, 31, 32, 35, 36, 37, 39, 41, 43, 44, 46, 47, 48, 49, 52, 53, 56, 57, 58, 59, 60, 62, 73, 76, 77, 78, 80, 83, 84, 87, 88, 89, 90, 92, 94, 95, 98, 99, 112, 113, 114, 115, 116, 118, 120, 121, 122, 124, 128, 138, 140, 141, 144, 145, 154, 155, 162, 163, 172, 173, 180, 188, 189], "summary": {"covered_lines": 79, "num_statements": 81, "percent_covered": 97.53086419753086, "percent_covered_display": "98", "missing_lines": 2, "excluded_lines": 0, "percent_statements_covered": 97.53086419753086, "percent_statements_covered_display": "98"}, "missing_lines": [42, 125], "excluded_lines": [], "functions": {"PositionConstraints.validate": {"executed_lines": [23, 24, 25, 26, 27, 28], "summary": {"covered_lines": 6, "num_statements": 6, "percent_covered": 100.0, "percent_covered_display": "100", "missing_lines": 0, "excluded_lines": 0, "percent_statements_covered": 100.0, "percent_statements_covered_display": "100"}, "missing_lines": [], "excluded_lines": [], "start_line": 21}, "TrackingErrorConstraint.validate": {"executed_lines": [41, 43, 44, 46, 47, 48, 49], "summary": {"covered_lines": 7, "num_statements": 8, "percent_covered": 87.5, "percent_covered_display": "88", "missing_lines": 1, "excluded_lines": 0, "percent_statements_covered": 87.5, "percent_statements_covered_display": "88"}, "missing_lines": [42], "excluded_lines": [], "start_line": 39}, "TransactionCostModel.calculate_cost": {"executed_lines": [73, 76, 77, 78, 80], "summary": {"covered_lines": 5, "num_statements": 5, "percent_covered": 100.0, "percent_covered_display": "100", "missing_lines": 0, "excluded_lines": 0, "percent_statements_covered": 100.0, "percent_statements_covered_display": "100"}, "missing_lines": [], "excluded_lines": [], "start_line": 62}, "TurnoverConstraint.validate": {"executed_lines": [94, 95], "summary": {"covered_lines": 2, "num_statements": 2, "percent_covered": 100.0, "percent_covered_display": "100", "missing_lines": 0, "excluded_lines": 0, "percent_statements_covered": 100.0, "percent_statements_covered_display": "100"}, "missing_lines": [], "excluded_lines": [], "start_line": 92}, "OptimizationConstraints.validate_all": {"executed_lines": [120, 121, 122, 124], "summary": {"covered_lines": 4, "num_statements": 5, "percent_covered": 80.0, "percent_covered_display": "80", "missing_lines": 1, "excluded_lines": 0, "percent_statements_covered": 80.0, "percent_statements_covered_display": "80"}, "missing_lines": [125], "excluded_lines": [], "start_line": 118}, "load_constraints_from_config": {"executed_lines": [138, 140, 141, 144, 145, 154, 155, 162, 163, 172, 173, 180, 188, 189], "summary": {"covered_lines": 14, "num_statements": 14, "percent_covered": 100.0, "percent_covered_display": "100", "missing_lines": 0, "excluded_lines": 0, "percent_statements_covered": 100.0, "percent_statements_covered_display": "100"}, "missing_lines": [], "excluded_lines": [], "start_line": 128}, "": {"executed_lines": [6, 7, 8, 11, 12, 15, 16, 17, 18, 19, 21, 31, 32, 35, 36, 37, 39, 52, 53, 56, 57, 58, 59, 60, 62, 83, 84, 87, 88, 89, 90, 92, 98, 99, 112, 113, 114, 115, 116, 118, 128], "summary": {"covered_lines": 41, "num_statements": 41, "percent_covered": 100.0, "percent_covered_display": "100", "missing_lines": 0, "excluded_lines": 0, "percent_statements_covered": 100.0, "percent_statements_covered_display": "100"}, "missing_lines": [], "excluded_lines": [], "start_line": 1}}, "classes": {"PositionConstraints": {"executed_lines": [23, 24, 25, 26, 27, 28], "summary": {"covered_lines": 6, "num_statements": 6, "percent_covered": 100.0, "percent_covered_display": "100", "missing_lines": 0, "excluded_lines": 0, "percent_statements_covered": 100.0, "percent_statements_covered_display": "100"}, "missing_lines": [], "excluded_lines": [], "start_line": 12}, "TrackingErrorConstraint": {"executed_lines": [41, 43, 44, 46, 47, 48, 49], "summary": {"covered_lines": 7, "num_statements": 8, "percent_covered": 87.5, "percent_covered_display": "88", "missing_lines": 1, "excluded_lines": 0, "percent_statements_covered": 87.5, "percent_statements_covered_display": "88"}, "missing_lines": [42], "excluded_lines": [], "start_line": 32}, "TransactionCostModel": {"executed_lines": [73, 76, 77, 78, 80], "summary": {"covered_lines": 5, "num_statements": 5, "percent_covered": 100.0, "percent_covered_display": "100", "missing_lines": 0, "excluded_lines": 0, "percent_statements_covered": 100.0, "percent_statements_covered_display": "100"}, "missing_lines": [], "excluded_lines": [], "start_line": 53}, "TurnoverConstraint": {"executed_lines": [94, 95], "summary": {"covered_lines": 2, "num_statements": 2, "percent_covered": 100.0, "percent_covered_display": "100", "missing_lines": 0, "excluded_lines": 0, "percent_statements_covered": 100.0, "percent_statements_covered_display": "100"}, "missing_lines": [], "excluded_lines": [], "start_line": 84}, "OptimizationConstraints": {"executed_lines": [120, 121, 122, 124], "summary": {"covered_lines": 4, "num_statements": 5, "percent_covered": 80.0, "percent_covered_display": "80", "missing_lines": 1, "excluded_lines": 0, "percent_statements_covered": 80.0, "percent_statements_covered_display": "80"}, "missing_lines": [125], "excluded_lines": [], "start_line": 99}, "": {"executed_lines": [6, 7, 8, 11, 12, 15, 16, 17, 18, 19, 21, 31, 32, 35, 36, 37, 39, 52, 53, 56, 57, 58, 59, 60, 62, 83, 84, 87, 88, 89, 90, 92, 98, 99, 112, 113, 114, 115, 116, 118, 128, 138, 140, 141, 144, 145, 154, 155, 162, 163, 172, 173, 180, 188, 189], "summary": {"covered_lines": 55, "num_statements": 55, "percent_covered": 100.0, "percent_covered_display": "100", "missing_lines": 0, "excluded_lines": 0, "percent_statements_covered": 100.0, "percent_statements_covered_display": "100"}, "missing_lines": [], "excluded_lines": [], "start_line": 1}}}, "core/taa/features/__init__.py": {"executed_lines": [1, 2, 3, 4, 5, 7], "summary": {"covered_lines": 6, "num_statements": 6, "percent_covered": 100.0, "percent_covered_display": "100", "missing_lines": 0, "excluded_lines": 0, "percent_statements_covered": 100.0, "percent_statements_covered_display": "100"}, "missing_lines": [], "excluded_lines": [], "functions": {"": {"executed_lines": [1, 2, 3, 4, 5, 7], "summary": {"covered_lines": 6, "num_statements": 6, "percent_covered": 100.0, "percent_covered_display": "100", "missing_lines": 0, "excluded_lines": 0, "percent_statements_covered": 100.0, "percent_statements_covered_display": "100"}, "missing_lines": [], "excluded_lines": [], "start_line": 1}}, "classes": {"": {"executed_lines": [1, 2, 3, 4, 5, 7], "summary": {"covered_lines": 6, "num_statements": 6, "percent_covered": 100.0, "percent_covered_display": "100", "missing_lines": 0, "excluded_lines": 0, "percent_statements_covered": 100.0, "percent_statements_covered_display": "100"}, "missing_lines": [], "excluded_lines": [], "start_line": 1}}}, "core/taa/features/base.py": {"executed_lines": [5, 6, 7, 9, 11, 17, 18], "summary": {"covered_lines": 7, "num_statements": 8, "percent_covered": 87.5, "percent_covered_display": "88", "missing_lines": 1, "excluded_lines": 0, "percent_statements_covered": 87.5, "percent_statements_covered_display": "88"}, "missing_lines": [30], "excluded_lines": [], "functions": {"BaseFeatureGenerator.generate": {"executed_lines": [], "summary": {"covered_lines": 0, "num_statements": 1, "percent_covered": 0.0, "percent_covered_display": "0", "missing_lines": 1, "excluded_lines": 0, "percent_statements_covered": 0.0, "percent_statements_covered_display": "0"}, "missing_lines": [30], "excluded_lines": [], "start_line": 18}, "": {"executed_lines": [5, 6, 7, 9, 11, 17, 18], "summary": {"covered_lines": 7, "num_statements": 7, "percent_covered": 100.0, "percent_covered_display": "100", "missing_lines": 0, "excluded_lines": 0, "percent_statements_covered": 100.0, "percent_statements_covered_display": "100"}, "missing_lines": [], "excluded_lines": [], "start_line": 1}}, "classes": {"BaseFeatureGenerator": {"executed_lines": [], "summary": {"covered_lines": 0, "num_statements": 1, "percent_covered": 0.0, "percent_covered_display": "0", "missing_lines": 1, "excluded_lines": 0, "percent_statements_covered": 0.0, "percent_statements_covered_display": "0"}, "missing_lines": [30], "excluded_lines": [], "start_line": 11}, "": {"executed_lines": [5, 6, 7, 9, 11, 17, 18], "summary": {"covered_lines": 7, "num_statements": 7, "percent_covered": 100.0, "percent_covered_display": "100", "missing_lines": 0, "excluded_lines": 0, "percent_statements_covered": 100.0, "percent_statements_covered_display": "100"}, "missing_lines": [], "excluded_lines": [], "start_line": 1}}}, "core/taa/features/macro.py": {"executed_lines": [6, 7, 9, 15, 25, 26, 28, 32, 33, 34, 35, 40, 41, 45, 46, 50, 52, 56], "summary": {"covered_lines": 18, "num_statements": 18, "percent_covered": 100.0, "percent_covered_display": "100", "missing_lines": 0, "excluded_lines": 0, "percent_statements_covered": 100.0, "percent_statements_covered_display": "100"}, "missing_lines": [], "excluded_lines": [], "functions": {"MacroFeatureGenerator.generate": {"executed_lines": [25, 26, 28, 32, 33, 34, 35, 40, 41, 45, 46, 50, 52, 56], "summary": {"covered_lines": 14, "num_statements": 14, "percent_covered": 100.0, "percent_covered_display": "100", "missing_lines": 0, "excluded_lines": 0, "percent_statements_covered": 100.0, "percent_statements_covered_display": "100"}, "missing_lines": [], "excluded_lines": [], "start_line": 15}, "": {"executed_lines": [6, 7, 9, 15], "summary": {"covered_lines": 4, "num_statements": 4, "percent_covered": 100.0, "percent_covered_display": "100", "missing_lines": 0, "excluded_lines": 0, "percent_statements_covered": 100.0, "percent_statements_covered_display": "100"}, "missing_lines": [], "excluded_lines": [], "start_line": 1}}, "classes": {"MacroFeatureGenerator": {"executed_lines": [25, 26, 28, 32, 33, 34, 35, 40, 41, 45, 46, 50, 52, 56], "summary": {"covered_lines": 14, "num_statements": 14, "percent_covered": 100.0, "percent_covered_display": "100", "missing_lines": 0, "excluded_lines": 0, "percent_statements_covered": 100.0, "percent_statements_covered_display": "100"}, "missing_lines": [], "excluded_lines": [], "start_line": 9}, "": {"executed_lines": [6, 7, 9, 15], "summary": {"covered_lines": 4, "num_statements": 4, "percent_covered": 100.0, "percent_covered_display": "100", "missing_lines": 0, "excluded_lines": 0, "percent_statements_covered": 100.0, "percent_statements_covered_display": "100"}, "missing_lines": [], "excluded_lines": [], "start_line": 1}}}, "core/taa/features/pipeline.py": {"executed_lines": [6, 7, 8, 9, 10, 11, 12, 13, 15, 17, 22, 23, 24, 25, 27, 28, 29, 31, 48, 51, 52, 53, 55, 56, 57, 59, 61, 62, 64, 67, 68, 70, 71, 73, 74, 77, 83, 93, 94, 97, 98, 101, 104, 107, 109, 110], "summary": {"covered_lines": 46, "num_statements": 46, "percent_covered": 100.0, "percent_covered_display": "100", "missing_lines": 0, "excluded_lines": 0, "percent_statements_covered": 100.0, "percent_statements_covered_display": "100"}, "missing_lines": [], "excluded_lines": [], "functions": {"FeaturePipeline.__init__": {"executed_lines": [23, 24, 25, 27, 28, 29], "summary": {"covered_lines": 6, "num_statements": 6, "percent_covered": 100.0, "percent_covered_display": "100", "missing_lines": 0, "excluded_lines": 0, "percent_statements_covered": 100.0, "percent_statements_covered_display": "100"}, "missing_lines": [], "excluded_lines": [], "start_line": 22}, "FeaturePipeline.run": {"executed_lines": [48, 51, 52, 53, 55, 56, 57, 59, 61, 62, 64, 67, 68, 70, 71, 73, 74, 77, 83, 93, 94, 97, 98, 101, 104, 107, 109, 110], "summary": {"covered_lines": 28, "num_statements": 28, "percent_covered": 100.0, "percent_covered_display": "100", "missing_lines": 0, "excluded_lines": 0, "percent_statements_covered": 100.0, "percent_statements_covered_display": "100"}, "missing_lines": [], "excluded_lines": [], "start_line": 31}, "": {"executed_lines": [6, 7, 8, 9, 10, 11, 12, 13, 15, 17, 22, 31], "summary": {"covered_lines": 12, "num_statements": 12, "percent_covered": 100.0, "percent_covered_display": "100", "missing_lines": 0, "excluded_lines": 0, "percent_statements_covered": 100.0, "percent_statements_covered_display": "100"}, "missing_lines": [], "excluded_lines": [], "start_line": 1}}, "classes": {"FeaturePipeline": {"executed_lines": [23, 24, 25, 27, 28, 29, 48, 51, 52, 53, 55, 56, 57, 59, 61, 62, 64, 67, 68, 70, 71, 73, 74, 77, 83, 93, 94, 97, 98, 101, 104, 107, 109, 110], "summary": {"covered_lines": 34, "num_statements": 34, "percent_covered": 100.0, "percent_covered_display": "100", "missing_lines": 0, "excluded_lines": 0, "percent_statements_covered": 100.0, "percent_statements_covered_display": "100"}, "missing_lines": [], "excluded_lines": [], "start_line": 17}, "": {"executed_lines": [6, 7, 8, 9, 10, 11, 12, 13, 15, 17, 22, 31], "summary": {"covered_lines": 12, "num_statements": 12, "percent_covered": 100.0, "percent_covered_display": "100", "missing_lines": 0, "excluded_lines": 0, "percent_statements_covered": 100.0, "percent_statements_covered_display": "100"}, "missing_lines": [], "excluded_lines": [], "start_line": 1}}}, "core/taa/features/price.py": {"executed_lines": [6, 7, 8, 9, 11, 21, 33, 36, 37, 39, 42, 45, 48, 49, 52, 55, 60, 61, 63, 67, 69, 74, 75, 77, 78, 82, 83, 84, 85, 89, 91, 94, 95, 98, 99, 100, 101, 102, 104], "summary": {"covered_lines": 39, "num_statements": 40, "percent_covered": 97.5, "percent_covered_display": "98", "missing_lines": 1, "excluded_lines": 0, "percent_statements_covered": 97.5, "percent_statements_covered_display": "98"}, "missing_lines": [53], "excluded_lines": [], "functions": {"PriceFeatureGenerator.generate": {"executed_lines": [33, 36, 37, 39, 42, 45, 48, 49, 52, 55, 60, 61, 63, 67], "summary": {"covered_lines": 14, "num_statements": 15, "percent_covered": 93.33333333333333, "percent_covered_display": "93", "missing_lines": 1, "excluded_lines": 0, "percent_statements_covered": 93.33333333333333, "percent_statements_covered_display": "93"}, "missing_lines": [53], "excluded_lines": [], "start_line": 21}, "PriceFeatureGenerator._generate_single_ticker": {"executed_lines": [74, 75, 77, 78, 82, 83, 84, 85, 89, 91, 94, 95, 98, 99, 100, 101, 102, 104], "summary": {"covered_lines": 18, "num_statements": 18, "percent_covered": 100.0, "percent_covered_display": "100", "missing_lines": 0, "excluded_lines": 0, "percent_statements_covered": 100.0, "percent_statements_covered_display": "100"}, "missing_lines": [], "excluded_lines": [], "start_line": 69}, "": {"executed_lines": [6, 7, 8, 9, 11, 21, 69], "summary": {"covered_lines": 7, "num_statements": 7, "percent_covered": 100.0, "percent_covered_display": "100", "missing_lines": 0, "excluded_lines": 0, "percent_statements_covered": 100.0, "percent_statements_covered_display": "100"}, "missing_lines": [], "excluded_lines": [], "start_line": 1}}, "classes": {"PriceFeatureGenerator": {"executed_lines": [33, 36, 37, 39, 42, 45, 48, 49, 52, 55, 60, 61, 63, 67, 74, 75, 77, 78, 82, 83, 84, 85, 89, 91, 94, 95, 98, 99, 100, 101, 102, 104], "summary": {"covered_lines": 32, "num_statements": 33, "percent_covered": 96.96969696969697, "percent_covered_display": "97", "missing_lines": 1, "excluded_lines": 0, "percent_statements_covered": 96.96969696969697, "percent_statements_covered_display": "97"}, "missing_lines": [53], "excluded_lines": [], "start_line": 11}, "": {"executed_lines": [6, 7, 8, 9, 11, 21, 69], "summary": {"covered_lines": 7, "num_statements": 7, "percent_covered": 100.0, "percent_covered_display": "100", "missing_lines": 0, "excluded_lines": 0, "percent_statements_covered": 100.0, "percent_statements_covered_display": "100"}, "missing_lines": [], "excluded_lines": [], "start_line": 1}}}, "core/taa/features/relative.py": {"executed_lines": [6, 7, 8, 10, 15, 26, 27, 28, 31, 33, 35, 36, 38, 40, 45, 47, 48, 50, 51, 54, 57, 59, 62, 63, 66, 67, 68, 69, 70, 74, 75, 77, 78, 79, 81, 82, 84, 85, 87, 88], "summary": {"covered_lines": 40, "num_statements": 40, "percent_covered": 100.0, "percent_covered_display": "100", "missing_lines": 0, "excluded_lines": 0, "percent_statements_covered": 100.0, "percent_statements_covered_display": "100"}, "missing_lines": [], "excluded_lines": [], "functions": {"RelativeValueFeatureGenerator.generate": {"executed_lines": [26, 27, 28, 31, 33, 35, 36, 38, 40, 45, 47, 48, 50, 51, 54, 57, 59, 62, 63, 66, 67, 68, 69, 70, 74, 75, 77, 78, 79, 81, 82, 84, 85, 87, 88], "summary": {"covered_lines": 35, "num_statements": 35, "percent_covered": 100.0, "percent_covered_display": "100", "missing_lines": 0, "excluded_lines": 0, "percent_statements_covered": 100.0, "percent_statements_covered_display": "100"}, "missing_lines": [], "excluded_lines": [], "start_line": 15}, "": {"executed_lines": [6, 7, 8, 10, 15], "summary": {"covered_lines": 5, "num_statements": 5, "percent_covered": 100.0, "percent_covered_display": "100", "missing_lines": 0, "excluded_lines": 0, "percent_statements_covered": 100.0, "percent_statements_covered_display": "100"}, "missing_lines": [], "excluded_lines": [], "start_line": 1}}, "classes": {"RelativeValueFeatureGenerator": {"executed_lines": [26, 27, 28, 31, 33, 35, 36, 38, 40, 45, 47, 48, 50, 51, 54, 57, 59, 62, 63, 66, 67, 68, 69, 70, 74, 75, 77, 78, 79, 81, 82, 84, 85, 87, 88], "summary": {"covered_lines": 35, "num_statements": 35, "percent_covered": 100.0, "percent_covered_display": "100", "missing_lines": 0, "excluded_lines": 0, "percent_statements_covered": 100.0, "percent_statements_covered_display": "100"}, "missing_lines": [], "excluded_lines": [], "start_line": 10}, "": {"executed_lines": [6, 7, 8, 10, 15], "summary": {"covered_lines": 5, "num_statements": 5, "percent_covered": 100.0, "percent_covered_display": "100", "missing_lines": 0, "excluded_lines": 0, "percent_statements_covered": 100.0, "percent_statements_covered_display": "100"}, "missing_lines": [], "excluded_lines": [], "start_line": 1}}}, "core/taa/model_engine.py": {"executed_lines": [6, 7, 8, 9, 10, 11, 13, 16, 33, 38, 39, 40, 41, 43, 45, 60, 75, 78, 79, 80, 83, 85, 88, 90, 92, 111, 114, 115, 116, 117, 119, 122, 123, 125, 126, 127, 130, 132, 137, 139, 140, 141, 142, 144, 150, 151, 158, 161, 162, 164, 165, 168, 172, 174, 182, 186, 188, 203, 206, 208, 212, 214, 215, 218, 219, 221, 222, 224, 226, 241, 242, 244, 246, 265, 268, 270, 271, 273, 274, 275, 278, 279, 280, 282, 284, 285, 287, 288, 291, 292, 295, 298, 305, 307, 309], "summary": {"covered_lines": 95, "num_statements": 105, "percent_covered": 90.47619047619048, "percent_covered_display": "90", "missing_lines": 10, "excluded_lines": 0, "percent_statements_covered": 90.47619047619048, "percent_statements_covered_display": "90"}, "missing_lines": [120, 133, 134, 145, 146, 147, 183, 184, 209, 210], "excluded_lines": [], "functions": {"TAAModelEngine.__init__": {"executed_lines": [38, 39, 40, 41], "summary": {"covered_lines": 4, "num_statements": 4, "percent_covered": 100.0, "percent_covered_display": "100", "missing_lines": 0, "excluded_lines": 0, "percent_statements_covered": 100.0, "percent_statements_covered_display": "100"}, "missing_lines": [], "excluded_lines": [], "start_line": 33}, "TAAModelEngine._default_params": {"executed_lines": [45], "summary": {"covered_lines": 1, "num_statements": 1, "percent_covered": 100.0, "percent_covered_display": "100", "missing_lines": 0, "excluded_lines": 0, "percent_statements_covered": 100.0, "percent_statements_covered_display": "100"}, "missing_lines": [], "excluded_lines": [], "start_line": 43}, "TAAModelEngine.create_targets": {"executed_lines": [75, 78, 79, 80, 83, 85, 88, 90], "summary": {"covered_lines": 8, "num_statements": 8, "percent_covered": 100.0, "percent_covered_display": "100", "missing_lines": 0, "excluded_lines": 0, "percent_statements_covered": 100.0, "percent_statements_covered_display": "100"}, "missing_lines": [], "excluded_lines": [], "start_line": 60}, "TAAModelEngine.train": {"executed_lines": [111, 114, 115, 116, 117, 119, 122, 123, 125, 126, 127, 130, 132, 137, 139, 140, 141, 142, 144, 150, 151, 158, 161, 162, 164, 165, 168, 172, 174, 182, 186], "summary": {"covered_lines": 31, "num_statements": 39, "percent_covered": 79.48717948717949, "percent_covered_display": "79", "missing_lines": 8, "excluded_lines": 0, "percent_statements_covered": 79.48717948717949, "percent_statements_covered_display": "79"}, "missing_lines": [120, 133, 134, 145, 146, 147, 183, 184], "excluded_lines": [], "start_line": 92}, "TAAModelEngine.predict": {"executed_lines": [203, 206, 208, 212, 214, 215, 218, 219, 221, 222, 224], "summary": {"covered_lines": 11, "num_statements": 13, "percent_covered": 84.61538461538461, "percent_covered_display": "85", "missing_lines": 2, "excluded_lines": 0, "percent_statements_covered": 84.61538461538461, "percent_statements_covered_display": "85"}, "missing_lines": [209, 210], "excluded_lines": [], "start_line": 188}, "TAAModelEngine.get_feature_importance": {"executed_lines": [241, 242, 244], "summary": {"covered_lines": 3, "num_statements": 3, "percent_covered": 100.0, "percent_covered_display": "100", "missing_lines": 0, "excluded_lines": 0, "percent_statements_covered": 100.0, "percent_statements_covered_display": "100"}, "missing_lines": [], "excluded_lines": [], "start_line": 226}, "TAAModelEngine.walk_forward_validate": {"executed_lines": [265, 268, 270, 271, 273, 274, 275, 278, 279, 280, 282, 284, 285, 287, 288, 291, 292, 295, 298, 305, 307, 309], "summary": {"covered_lines": 22, "num_statements": 22, "percent_covered": 100.0, "percent_covered_display": "100", "missing_lines": 0, "excluded_lines": 0, "percent_statements_covered": 100.0, "percent_statements_covered_display": "100"}, "missing_lines": [], "excluded_lines": [], "start_line": 246}, "": {"executed_lines": [6, 7, 8, 9, 10, 11, 13, 16, 33, 43, 60, 92, 188, 226, 246], "summary": {"covered_lines": 15, "num_statements": 15, "percent_covered": 100.0, "percent_covered_display": "100", "missing_lines": 0, "excluded_lines": 0, "percent_statements_covered": 100.0, "percent_statements_covered_display": "100"}, "missing_lines": [], "excluded_lines": [], "start_line": 1}}, "classes": {"TAAModelEngine": {"executed_lines": [38, 39, 40, 41, 45, 75, 78, 79, 80, 83, 85, 88, 90, 111, 114, 115, 116, 117, 119, 122, 123, 125, 126, 127, 130, 132, 137, 139, 140, 141, 142, 144, 150, 151, 158, 161, 162, 164, 165, 168, 172, 174, 182, 186, 203, 206, 208, 212, 214, 215, 218, 219, 221, 222, 224, 241, 242, 244, 265, 268, 270, 271, 273, 274, 275, 278, 279, 280, 282, 284, 285, 287, 288, 291, 292, 295, 298, 305, 307, 309], "summary": {"covered_lines": 80, "num_statements": 90, "percent_covered": 88.88888888888889, "percent_covered_display": "89", "missing_lines": 10, "excluded_lines": 0, "percent_statements_covered": 88.88888888888889, "percent_statements_covered_display": "89"}, "missing_lines": [120, 133, 134, 145, 146, 147, 183, 184, 209, 210], "excluded_lines": [], "start_line": 16}, "": {"executed_lines": [6, 7, 8, 9, 10, 11, 13, 16, 33, 43, 60, 92, 188, 226, 246], "summary": {"covered_lines": 15, "num_statements": 15, "percent_covered": 100.0, "percent_covered_display": "100", "missing_lines": 0, "excluded_lines": 0, "percent_statements_covered": 100.0, "percent_statements_covered_display": "100"}, "missing_lines": [], "excluded_lines": [], "start_line": 1}}}, "core/taa/optimizer.py": {"executed_lines": [35, 36, 37, 38, 39, 40, 41, 42, 44, 46, 53, 69, 76, 77, 79, 80, 101, 123, 124, 126, 127, 130, 131, 133, 136, 139, 142, 145, 146, 147, 149, 152, 153, 154, 158, 160, 161, 163, 166, 169, 172, 173, 175, 176, 177, 178, 179, 180, 181, 182, 184, 185, 186, 189, 194, 195, 198, 199, 200, 203, 204, 205, 206, 208, 218, 220, 222, 241, 244, 247, 248, 249, 253, 256, 257, 258, 259, 260, 261, 264, 265, 266, 267, 269, 271, 278, 282, 283, 284, 286, 288, 289, 297, 304, 313, 315, 316, 317, 320, 327, 335, 336, 338, 345, 346, 348, 351, 358, 360, 363, 371, 375, 376, 378, 379, 381, 382, 387, 388, 389, 391, 392, 393, 394, 397, 398, 399, 402, 403, 404, 405, 406, 407, 408, 410, 414, 415, 417, 425, 426, 427, 430, 431, 432, 435, 436, 437, 438, 440, 450, 454, 459, 466, 475, 476, 477, 479, 484, 485, 488, 491, 492, 495, 498, 499, 502, 503, 504, 507, 514, 527, 613, 618, 625, 627, 628, 630, 631, 633, 634, 639, 642, 645, 648, 649, 650, 651, 652, 653, 654, 655, 656, 657, 658, 659, 660, 661, 663, 664, 667, 668, 669, 670, 671, 673, 674, 675, 677, 678, 682, 683, 685, 686, 688, 689, 691, 692, 693, 695, 697, 700, 701, 704, 705, 706, 711, 712, 722, 724, 729, 736, 746, 747, 749, 751, 752, 754, 755, 757, 758, 762, 764, 767, 768, 771, 772, 776, 779, 780, 781, 783, 793, 797, 806, 811, 836, 847, 865, 866, 871, 872, 875, 878, 880, 882, 903, 915, 921, 935, 936, 937, 939, 956, 957, 958, 961, 962, 963, 965, 966, 967, 969, 970, 971, 972, 975, 978, 979, 981, 982, 983, 984, 986, 989, 992, 1000, 1001, 1002, 1003, 1005, 1007, 1008, 1015, 1017, 1018, 1024, 1025, 1027], "summary": {"covered_lines": 308, "num_statements": 381, "percent_covered": 80.83989501312335, "percent_covered_display": "81", "missing_lines": 73, "excluded_lines": 0, "percent_statements_covered": 80.83989501312335, "percent_statements_covered_display": "81"}, "missing_lines": [99, 148, 190, 191, 251, 384, 390, 400, 452, 456, 523, 524, 525, 529, 530, 532, 533, 535, 536, 538, 541, 542, 545, 546, 547, 549, 552, 555, 556, 557, 558, 559, 560, 562, 563, 564, 567, 570, 571, 576, 579, 580, 582, 583, 584, 585, 586, 587, 588, 589, 591, 592, 595, 596, 597, 598, 599, 601, 611, 615, 636, 684, 708, 726, 760, 774, 794, 795, 799, 1010, 1011, 1012, 1013], "excluded_lines": [], "functions": {"BaseOptimizer.__init__": {"executed_lines": [76, 77], "summary": {"covered_lines": 2, "num_statements": 2, "percent_covered": 100.0, "percent_covered_display": "100", "missing_lines": 0, "excluded_lines": 0, "percent_statements_covered": 100.0, "percent_statements_covered_display": "100"}, "missing_lines": [], "excluded_lines": [], "start_line": 69}, "BaseOptimizer._build_objective": {"executed_lines": [], "summary": {"covered_lines": 0, "num_statements": 1, "percent_covered": 0.0, "percent_covered_display": "0", "missing_lines": 1, "excluded_lines": 0, "percent_statements_covered": 0.0, "percent_statements_covered_display": "0"}, "missing_lines": [99], "excluded_lines": [], "start_line": 80}, "BaseOptimizer.optimize": {"executed_lines": [123, 124, 126, 127, 130, 131, 133, 136, 139, 142, 145, 146, 147, 149, 152, 153, 154, 158, 160, 161, 163, 166, 169, 172, 173, 175, 176, 177, 178, 179, 180, 181, 182, 184, 185, 186, 189, 194, 195, 198, 199, 200, 203, 204, 205, 206, 208, 218, 220], "summary": {"covered_lines": 49, "num_statements": 52, "percent_covered": 94.23076923076923, "percent_covered_display": "94", "missing_lines": 3, "excluded_lines": 0, "percent_statements_covered": 94.23076923076923, "percent_statements_covered_display": "94"}, "missing_lines": [148, 190, 191], "excluded_lines": [], "start_line": 101}, "BaseOptimizer._build_constraints": {"executed_lines": [241, 244, 247, 248, 249, 253, 256, 257, 258, 259, 260, 261, 264, 265, 266, 267, 269], "summary": {"covered_lines": 17, "num_statements": 18, "percent_covered": 94.44444444444444, "percent_covered_display": "94", "missing_lines": 1, "excluded_lines": 0, "percent_statements_covered": 94.44444444444444, "percent_statements_covered_display": "94"}, "missing_lines": [251], "excluded_lines": [], "start_line": 222}, "BaseOptimizer._calculate_tracking_error": {"executed_lines": [278, 282, 283, 284], "summary": {"covered_lines": 4, "num_statements": 4, "percent_covered": 100.0, "percent_covered_display": "100", "missing_lines": 0, "excluded_lines": 0, "percent_statements_covered": 100.0, "percent_statements_covered_display": "100"}, "missing_lines": [], "excluded_lines": [], "start_line": 271}, "BaseOptimizer._fallback_solution": {"executed_lines": [288, 289, 297], "summary": {"covered_lines": 3, "num_statements": 3, "percent_covered": 100.0, "percent_covered_display": "100", "missing_lines": 0, "excluded_lines": 0, "percent_statements_covered": 100.0, "percent_statements_covered_display": "100"}, "missing_lines": [], "excluded_lines": [], "start_line": 286}, "MeanVarianceOptimizer._build_objective": {"executed_lines": [315, 316, 317], "summary": {"covered_lines": 3, "num_statements": 3, "percent_covered": 100.0, "percent_covered_display": "100", "missing_lines": 0, "excluded_lines": 0, "percent_statements_covered": 100.0, "percent_statements_covered_display": "100"}, "missing_lines": [], "excluded_lines": [], "start_line": 313}, "MaxSharpeOptimizer.__init__": {"executed_lines": [335, 336], "summary": {"covered_lines": 2, "num_statements": 2, "percent_covered": 100.0, "percent_covered_display": "100", "missing_lines": 0, "excluded_lines": 0, "percent_statements_covered": 100.0, "percent_statements_covered_display": "100"}, "missing_lines": [], "excluded_lines": [], "start_line": 327}, "MaxSharpeOptimizer._build_objective": {"executed_lines": [345, 346, 348], "summary": {"covered_lines": 3, "num_statements": 3, "percent_covered": 100.0, "percent_covered_display": "100", "missing_lines": 0, "excluded_lines": 0, "percent_statements_covered": 100.0, "percent_statements_covered_display": "100"}, "missing_lines": [], "excluded_lines": [], "start_line": 338}, "MinVarianceOptimizer._build_objective": {"executed_lines": [360], "summary": {"covered_lines": 1, "num_statements": 1, "percent_covered": 100.0, "percent_covered_display": "100", "missing_lines": 0, "excluded_lines": 0, "percent_statements_covered": 100.0, "percent_statements_covered_display": "100"}, "missing_lines": [], "excluded_lines": [], "start_line": 358}, "RiskParityOptimizer.optimize": {"executed_lines": [375, 376, 378, 379, 381, 382, 387, 397, 398, 399, 402, 410, 414, 415, 417, 425, 426, 427, 430, 431, 432, 435, 436, 437, 438, 440, 450], "summary": {"covered_lines": 27, "num_statements": 30, "percent_covered": 90.0, "percent_covered_display": "90", "missing_lines": 3, "excluded_lines": 0, "percent_statements_covered": 90.0, "percent_statements_covered_display": "90"}, "missing_lines": [384, 400, 452], "excluded_lines": [], "start_line": 371}, "RiskParityOptimizer.optimize.objective": {"executed_lines": [388, 389, 391, 392, 393, 394], "summary": {"covered_lines": 6, "num_statements": 7, "percent_covered": 85.71428571428571, "percent_covered_display": "86", "missing_lines": 1, "excluded_lines": 0, "percent_statements_covered": 85.71428571428571, "percent_statements_covered_display": "86"}, "missing_lines": [390], "excluded_lines": [], "start_line": 387}, "RiskParityOptimizer.optimize.objective_with_costs": {"executed_lines": [403, 404, 405, 406, 407, 408], "summary": {"covered_lines": 6, "num_statements": 6, "percent_covered": 100.0, "percent_covered_display": "100", "missing_lines": 0, "excluded_lines": 0, "percent_statements_covered": 100.0, "percent_statements_covered_display": "100"}, "missing_lines": [], "excluded_lines": [], "start_line": 402}, "RiskParityOptimizer._build_objective": {"executed_lines": [], "summary": {"covered_lines": 0, "num_statements": 1, "percent_covered": 0.0, "percent_covered_display": "0", "missing_lines": 1, "excluded_lines": 0, "percent_statements_covered": 0.0, "percent_statements_covered_display": "0"}, "missing_lines": [456], "excluded_lines": [], "start_line": 454}, "BlackLittermanOptimizer.__init__": {"executed_lines": [475, 476, 477], "summary": {"covered_lines": 3, "num_statements": 3, "percent_covered": 100.0, "percent_covered_display": "100", "missing_lines": 0, "excluded_lines": 0, "percent_statements_covered": 100.0, "percent_statements_covered_display": "100"}, "missing_lines": [], "excluded_lines": [], "start_line": 466}, "BlackLittermanOptimizer._build_objective": {"executed_lines": [484, 485, 488, 491, 492, 495, 498, 499, 502, 503, 504], "summary": {"covered_lines": 11, "num_statements": 11, "percent_covered": 100.0, "percent_covered_display": "100", "missing_lines": 0, "excluded_lines": 0, "percent_statements_covered": 100.0, "percent_statements_covered_display": "100"}, "missing_lines": [], "excluded_lines": [], "start_line": 479}, "CVaROptimizer.__init__": {"executed_lines": [], "summary": {"covered_lines": 0, "num_statements": 3, "percent_covered": 0.0, "percent_covered_display": "0", "missing_lines": 3, "excluded_lines": 0, "percent_statements_covered": 0.0, "percent_statements_covered_display": "0"}, "missing_lines": [523, 524, 525], "excluded_lines": [], "start_line": 514}, "CVaROptimizer.optimize": {"executed_lines": [], "summary": {"covered_lines": 0, "num_statements": 46, "percent_covered": 0.0, "percent_covered_display": "0", "missing_lines": 46, "excluded_lines": 0, "percent_statements_covered": 0.0, "percent_statements_covered_display": "0"}, "missing_lines": [529, 530, 532, 533, 535, 536, 538, 541, 542, 545, 546, 547, 549, 552, 555, 556, 557, 558, 559, 560, 562, 563, 564, 567, 570, 571, 576, 579, 580, 582, 583, 584, 585, 586, 587, 588, 589, 591, 592, 595, 596, 597, 598, 599, 601, 611], "excluded_lines": [], "start_line": 527}, "CVaROptimizer._build_objective": {"executed_lines": [], "summary": {"covered_lines": 0, "num_statements": 1, "percent_covered": 0.0, "percent_covered_display": "0", "missing_lines": 1, "excluded_lines": 0, "percent_statements_covered": 0.0, "percent_statements_covered_display": "0"}, "missing_lines": [615], "excluded_lines": [], "start_line": 613}, "HRPOptimizer.optimize": {"executed_lines": [627, 628, 630, 631, 633, 634, 639, 642, 645, 648, 663, 664, 667, 673, 697, 700, 701, 704, 705, 706, 711, 712, 722], "summary": {"covered_lines": 23, "num_statements": 25, "percent_covered": 92.0, "percent_covered_display": "92", "missing_lines": 2, "excluded_lines": 0, "percent_statements_covered": 92.0, "percent_statements_covered_display": "92"}, "missing_lines": [636, 708], "excluded_lines": [], "start_line": 625}, "HRPOptimizer.optimize.get_quasi_diag": {"executed_lines": [649, 650, 651, 652, 653, 654, 655, 656, 657, 658, 659, 660, 661], "summary": {"covered_lines": 13, "num_statements": 13, "percent_covered": 100.0, "percent_covered_display": "100", "missing_lines": 0, "excluded_lines": 0, "percent_statements_covered": 100.0, "percent_statements_covered_display": "100"}, "missing_lines": [], "excluded_lines": [], "start_line": 648}, "HRPOptimizer.optimize.get_cluster_var": {"executed_lines": [668, 669, 670, 671], "summary": {"covered_lines": 4, "num_statements": 4, "percent_covered": 100.0, "percent_covered_display": "100", "missing_lines": 0, "excluded_lines": 0, "percent_statements_covered": 100.0, "percent_statements_covered_display": "100"}, "missing_lines": [], "excluded_lines": [], "start_line": 667}, "HRPOptimizer.optimize.get_recursive_bisection": {"executed_lines": [674, 675, 677, 678, 682, 683, 685, 686, 688, 689, 691, 692, 693, 695], "summary": {"covered_lines": 14, "num_statements": 15, "percent_covered": 93.33333333333333, "percent_covered_display": "93", "missing_lines": 1, "excluded_lines": 0, "percent_statements_covered": 93.33333333333333, "percent_statements_covered_display": "93"}, "missing_lines": [684], "excluded_lines": [], "start_line": 673}, "HRPOptimizer._build_objective": {"executed_lines": [], "summary": {"covered_lines": 0, "num_statements": 1, "percent_covered": 0.0, "percent_covered_display": "0", "missing_lines": 1, "excluded_lines": 0, "percent_statements_covered": 0.0, "percent_statements_covered_display": "0"}, "missing_lines": [726], "excluded_lines": [], "start_line": 724}, "KellyOptimizer.__init__": {"executed_lines": [746, 747], "summary": {"covered_lines": 2, "num_statements": 2, "percent_covered": 100.0, "percent_covered_display": "100", "missing_lines": 0, "excluded_lines": 0, "percent_statements_covered": 100.0, "percent_statements_covered_display": "100"}, "missing_lines": [], "excluded_lines": [], "start_line": 736}, "KellyOptimizer.optimize": {"executed_lines": [751, 752, 754, 755, 757, 758, 762, 764, 767, 768, 771, 772, 776, 779, 780, 781, 783, 793], "summary": {"covered_lines": 18, "num_statements": 22, "percent_covered": 81.81818181818181, "percent_covered_display": "82", "missing_lines": 4, "excluded_lines": 0, "percent_statements_covered": 81.81818181818181, "percent_statements_covered_display": "82"}, "missing_lines": [760, 774, 794, 795], "excluded_lines": [], "start_line": 749}, "KellyOptimizer._build_objective": {"executed_lines": [], "summary": {"covered_lines": 0, "num_statements": 1, "percent_covered": 0.0, "percent_covered_display": "0", "missing_lines": 1, "excluded_lines": 0, "percent_statements_covered": 0.0, "percent_statements_covered_display": "0"}, "missing_lines": [799], "excluded_lines": [], "start_line": 797}, "TAAOptimizer.__init__": {"executed_lines": [865, 866, 871, 872, 875, 878, 880], "summary": {"covered_lines": 7, "num_statements": 7, "percent_covered": 100.0, "percent_covered_display": "100", "missing_lines": 0, "excluded_lines": 0, "percent_statements_covered": 100.0, "percent_statements_covered_display": "100"}, "missing_lines": [], "excluded_lines": [], "start_line": 847}, "TAAOptimizer.optimize": {"executed_lines": [903], "summary": {"covered_lines": 1, "num_statements": 1, "percent_covered": 100.0, "percent_covered_display": "100", "missing_lines": 0, "excluded_lines": 0, "percent_statements_covered": 100.0, "percent_statements_covered_display": "100"}, "missing_lines": [], "excluded_lines": [], "start_line": 882}, "BacktestOptimizer.__init__": {"executed_lines": [935, 936, 937], "summary": {"covered_lines": 3, "num_statements": 3, "percent_covered": 100.0, "percent_covered_display": "100", "missing_lines": 0, "excluded_lines": 0, "percent_statements_covered": 100.0, "percent_statements_covered_display": "100"}, "missing_lines": [], "excluded_lines": [], "start_line": 921}, "BacktestOptimizer.run_backtest": {"executed_lines": [956, 957, 958, 961, 962, 963, 965, 966, 967, 969, 970, 971, 972, 975, 978, 979, 981, 982, 983, 984, 986, 989, 992, 1000, 1001, 1002, 1003, 1005, 1007, 1008, 1015, 1017, 1018, 1024, 1025, 1027], "summary": {"covered_lines": 36, "num_statements": 40, "percent_covered": 90.0, "percent_covered_display": "90", "missing_lines": 4, "excluded_lines": 0, "percent_statements_covered": 90.0, "percent_statements_covered_display": "90"}, "missing_lines": [1010, 1011, 1012, 1013], "excluded_lines": [], "start_line": 939}, "": {"executed_lines": [35, 36, 37, 38, 39, 40, 41, 42, 44, 46, 53, 69, 79, 80, 101, 222, 271, 286, 304, 313, 320, 327, 338, 351, 358, 363, 371, 454, 459, 466, 479, 507, 514, 527, 613, 618, 625, 724, 729, 736, 749, 797, 806, 811, 836, 847, 882, 915, 921, 939], "summary": {"covered_lines": 50, "num_statements": 50, "percent_covered": 100.0, "percent_covered_display": "100", "missing_lines": 0, "excluded_lines": 0, "percent_statements_covered": 100.0, "percent_statements_covered_display": "100"}, "missing_lines": [], "excluded_lines": [], "start_line": 1}}, "classes": {"BaseOptimizer": {"executed_lines": [76, 77, 123, 124, 126, 127, 130, 131, 133, 136, 139, 142, 145, 146, 147, 149, 152, 153, 154, 158, 160, 161, 163, 166, 169, 172, 173, 175, 176, 177, 178, 179, 180, 181, 182, 184, 185, 186, 189, 194, 195, 198, 199, 200, 203, 204, 205, 206, 208, 218, 220, 241, 244, 247, 248, 249, 253, 256, 257, 258, 259, 260, 261, 264, 265, 266, 267, 269, 278, 282, 283, 284, 288, 289, 297], "summary": {"covered_lines": 75, "num_statements": 80, "percent_covered": 93.75, "percent_covered_display": "94", "missing_lines": 5, "excluded_lines": 0, "percent_statements_covered": 93.75, "percent_statements_covered_display": "94"}, "missing_lines": [99, 148, 190, 191, 251], "excluded_lines": [], "start_line": 53}, "MeanVarianceOptimizer": {"executed_lines": [315, 316, 317], "summary": {"covered_lines": 3, "num_statements": 3, "percent_covered": 100.0, "percent_covered_display": "100", "missing_lines": 0, "excluded_lines": 0, "percent_statements_covered": 100.0, "percent_statements_covered_display": "100"}, "missing_lines": [], "excluded_lines": [], "start_line": 304}, "MaxSharpeOptimizer": {"executed_lines": [335, 336, 345, 346, 348], "summary": {"covered_lines": 5, "num_statements": 5, "percent_covered": 100.0, "percent_covered_display": "100", "missing_lines": 0, "excluded_lines": 0, "percent_statements_covered": 100.0, "percent_statements_covered_display": "100"}, "missing_lines": [], "excluded_lines": [], "start_line": 320}, "MinVarianceOptimizer": {"executed_lines": [360], "summary": {"covered_lines": 1, "num_statements": 1, "percent_covered": 100.0, "percent_covered_display": "100", "missing_lines": 0, "excluded_lines": 0, "percent_statements_covered": 100.0, "percent_statements_covered_display": "100"}, "missing_lines": [], "excluded_lines": [], "start_line": 351}, "RiskParityOptimizer": {"executed_lines": [375, 376, 378, 379, 381, 382, 387, 388, 389, 391, 392, 393, 394, 397, 398, 399, 402, 403, 404, 405, 406, 407, 408, 410, 414, 415, 417, 425, 426, 427, 430, 431, 432, 435, 436, 437, 438, 440, 450], "summary": {"covered_lines": 39, "num_statements": 44, "percent_covered": 88.63636363636364, "percent_covered_display": "89", "missing_lines": 5, "excluded_lines": 0, "percent_statements_covered": 88.63636363636364, "percent_statements_covered_display": "89"}, "missing_lines": [384, 390, 400, 452, 456], "excluded_lines": [], "start_line": 363}, "BlackLittermanOptimizer": {"executed_lines": [475, 476, 477, 484, 485, 488, 491, 492, 495, 498, 499, 502, 503, 504], "summary": {"covered_lines": 14, "num_statements": 14, "percent_covered": 100.0, "percent_covered_display": "100", "missing_lines": 0, "excluded_lines": 0, "percent_statements_covered": 100.0, "percent_statements_covered_display": "100"}, "missing_lines": [], "excluded_lines": [], "start_line": 459}, "CVaROptimizer": {"executed_lines": [], "summary": {"covered_lines": 0, "num_statements": 50, "percent_covered": 0.0, "percent_covered_display": "0", "missing_lines": 50, "excluded_lines": 0, "percent_statements_covered": 0.0, "percent_statements_covered_display": "0"}, "missing_lines": [523, 524, 525, 529, 530, 532, 533, 535, 536, 538, 541, 542, 545, 546, 547, 549, 552, 555, 556, 557, 558, 559, 560, 562, 563, 564, 567, 570, 571, 576, 579, 580, 582, 583, 584, 585, 586, 587, 588, 589, 591, 592, 595, 596, 597, 598, 599, 601, 611, 615], "excluded_lines": [], "start_line": 507}, "HRPOptimizer": {"executed_lines": [627, 628, 630, 631, 633, 634, 639, 642, 645, 648, 649, 650, 651, 652, 653, 654, 655, 656, 657, 658, 659, 660, 661, 663, 664, 667, 668, 669, 670, 671, 673, 674, 675, 677, 678, 682, 683, 685, 686, 688, 689, 691, 692, 693, 695, 697, 700, 701, 704, 705, 706, 711, 712, 722], "summary": {"covered_lines": 54, "num_statements": 58, "percent_covered": 93.10344827586206, "percent_covered_display": "93", "missing_lines": 4, "excluded_lines": 0, "percent_statements_covered": 93.10344827586206, "percent_statements_covered_display": "93"}, "missing_lines": [636, 684, 708, 726], "excluded_lines": [], "start_line": 618}, "KellyOptimizer": {"executed_lines": [746, 747, 751, 752, 754, 755, 757, 758, 762, 764, 767, 768, 771, 772, 776, 779, 780, 781, 783, 793], "summary": {"covered_lines": 20, "num_statements": 25, "percent_covered": 80.0, "percent_covered_display": "80", "missing_lines": 5, "excluded_lines": 0, "percent_statements_covered": 80.0, "percent_statements_covered_display": "80"}, "missing_lines": [760, 774, 794, 795, 799], "excluded_lines": [], "start_line": 729}, "TAAOptimizer": {"executed_lines": [865, 866, 871, 872, 875, 878, 880, 903], "summary": {"covered_lines": 8, "num_statements": 8, "percent_covered": 100.0, "percent_covered_display": "100", "missing_lines": 0, "excluded_lines": 0, "percent_statements_covered": 100.0, "percent_statements_covered_display": "100"}, "missing_lines": [], "excluded_lines": [], "start_line": 811}, "BacktestOptimizer": {"executed_lines": [935, 936, 937, 956, 957, 958, 961, 962, 963, 965, 966, 967, 969, 970, 971, 972, 975, 978, 979, 981, 982, 983, 984, 986, 989, 992, 1000, 1001, 1002, 1003, 1005, 1007, 1008, 1015, 1017, 1018, 1024, 1025, 1027], "summary": {"covered_lines": 39, "num_statements": 43, "percent_covered": 90.69767441860465, "percent_covered_display": "91", "missing_lines": 4, "excluded_lines": 0, "percent_statements_covered": 90.69767441860465, "percent_statements_covered_display": "91"}, "missing_lines": [1010, 1011, 1012, 1013], "excluded_lines": [], "start_line": 915}, "": {"executed_lines": [35, 36, 37, 38, 39, 40, 41, 42, 44, 46, 53, 69, 79, 80, 101, 222, 271, 286, 304, 313, 320, 327, 338, 351, 358, 363, 371, 454, 459, 466, 479, 507, 514, 527, 613, 618, 625, 724, 729, 736, 749, 797, 806, 811, 836, 847, 882, 915, 921, 939], "summary": {"covered_lines": 50, "num_statements": 50, "percent_covered": 100.0, "percent_covered_display": "100", "missing_lines": 0, "excluded_lines": 0, "percent_statements_covered": 100.0, "percent_statements_covered_display": "100"}, "missing_lines": [], "excluded_lines": [], "start_line": 1}}}}, "totals": {"covered_lines": 638, "num_statements": 725, "percent_covered": 88.0, "percent_covered_display": "88", "missing_lines": 87, "excluded_lines": 0, "percent_statements_covered": 88.0, "percent_statements_covered_display": "88"}}